C51 COMPILER V9.54   MAIN                                                                  12/12/2024 20:20:24 PAGE 1   


C51 COMPILER V9.54, COMPILATION OF MODULE MAIN
OBJECT MODULE PLACED IN .\Objects\main.obj
COMPILER INVOKED BY: D:\Keil_v5\C51\BIN\C51.EXE main.c OPTIMIZE(8,SPEED) BROWSE DEBUG OBJECTEXTEND PRINT(.\Listings\main
                    -.lst) OBJECT(.\Objects\main.obj)

line level    source

   1          #include <REGX52.H>
   2          
   3          unsigned char LEDNum;
   4          
   5          void Delay(unsigned int xms)
   6          {
   7   1              unsigned char i, j;
   8   1              while(xms)
   9   1              {
  10   2                      i = 2;
  11   2                      j = 239;
  12   2                      do
  13   2                      {
  14   3                              while (--j);
  15   3                      } while (--i);
  16   2              xms--;
  17   2              }
  18   1      }
  19          
  20          
  21          void main()
  22          {
  23   1              P2=~(0x01);
  24   1              while(1)
  25   1              {
  26   2                      if(P3_1==0)
  27   2                      {
  28   3                              Delay(20);
  29   3                              while(P3_1==0);
  30   3                              Delay(20);
  31   3                              
  32   3                              LEDNum++;
  33   3                              if(LEDNum>=8)
  34   3                              {
  35   4                                      LEDNum=0;
  36   4                              }
  37   3                              P2=~(0x01<<LEDNum);
  38   3                      }
  39   2                      
  40   2                      if(P3_0==0)
  41   2                      {
  42   3                              Delay(20);
  43   3                              while(P3_0==0);
  44   3                              Delay(20);
  45   3                              
  46   3                              if(LEDNum==0)
  47   3                              {
  48   4                                      LEDNum=7;
  49   4                              }
  50   3                              else
  51   3                              {
  52   4                                      LEDNum--;
  53   4                              }
  54   3                              
C51 COMPILER V9.54   MAIN                                                                  12/12/2024 20:20:24 PAGE 2   

  55   3                              P2=~(0x01<<LEDNum);
  56   3                      }
  57   2              }
  58   1      }


MODULE INFORMATION:   STATIC OVERLAYABLE
   CODE SIZE        =    108    ----
   CONSTANT SIZE    =   ----    ----
   XDATA SIZE       =   ----    ----
   PDATA SIZE       =   ----    ----
   DATA SIZE        =      1    ----
   IDATA SIZE       =   ----    ----
   BIT SIZE         =   ----    ----
END OF MODULE INFORMATION.


C51 COMPILATION COMPLETE.  0 WARNING(S),  0 ERROR(S)
