C51 COMPILER V9.54   MAIN                                                                  12/16/2024 21:47:00 PAGE 1   


C51 COMPILER V9.54, COMPILATION OF MODULE MAIN
OBJECT MODULE PLACED IN .\Objects\main.obj
COMPILER INVOKED BY: D:\Keil_v5\C51\BIN\C51.EXE main.c OPTIMIZE(8,SPEED) BROWSE DEBUG OBJECTEXTEND PRINT(.\Listings\main
                    -.lst) OBJECT(.\Objects\main.obj)

line level    source

   1          #include <REGX52.H>
   2          #include "Delay.h"
   3          #include "LCD1602.h"
   4          #include "MatrixKey.h"
   5          
   6          unsigned char KeyNum;
   7          unsigned int Password,Count;
   8          
   9          
  10          void main()
  11          {
  12   1              LCD_Init();
  13   1              LCD_ShowString(1,1,"Password:");
  14   1              while(1)
  15   1              {
  16   2                      KeyNum=MatrixKey();
  17   2                      if(KeyNum)
  18   2                      {
  19   3                              if(KeyNum<=10)  //如果S1~S10按键按下，输入密码
  20   3                              {
  21   4                                      if(Count<4) //如果输入次数小于4
  22   4                                      {
  23   5                                              Password*=10; //密码左移一位
  24   5                                              Password+=KeyNum%10; //获取一位密码
  25   5                                              Count++; //计次加一
  26   5                                      }
  27   4                                      LCD_ShowNum(2,1,Password,4); //更新显示
  28   4                              }
  29   3                              if(KeyNum==11) //如果S11按键按下，确认
  30   3                              {
  31   4                                      if(Password==1018) //如果密码等于正确密码
  32   4                                      {
  33   5                                              LCD_ShowString(1,14,"OK!"); //显示OK
  34   5                                              Password=0; //密码清零
  35   5                                              Count=0; //计次清零
  36   5                                              LCD_ShowNum(2,1,Password,4); //更新显示
  37   5                                      }
  38   4                                      else //否则
  39   4                                      {
  40   5                                              LCD_ShowString(1,14,"ERR"); //显示ERROR
  41   5                                              Password=0; //密码清零
  42   5                                              Count=0; //计次清零
  43   5                                      }
  44   4                              }
  45   3                              if(KeyNum==12) //如果S12按键按下，取消
  46   3                              {
  47   4                      if (Count > 0) // 如果有输入内容
  48   4                      {
  49   5                          Password /= 10; // 去掉最后一位密码
  50   5                          Count--; // 计次减一
  51   5                                              LCD_ShowNum(2, 1, Password, 4); // 更新显示
  52   5      
  53   5                      }
  54   4                  }
C51 COMPILER V9.54   MAIN                                                                  12/16/2024 21:47:00 PAGE 2   

  55   3                      }
  56   2              }
  57   1      }


MODULE INFORMATION:   STATIC OVERLAYABLE
   CODE SIZE        =    234    ----
   CONSTANT SIZE    =     18    ----
   XDATA SIZE       =   ----    ----
   PDATA SIZE       =   ----    ----
   DATA SIZE        =      5    ----
   IDATA SIZE       =   ----    ----
   BIT SIZE         =   ----    ----
END OF MODULE INFORMATION.


C51 COMPILATION COMPLETE.  0 WARNING(S),  0 ERROR(S)
